<?xml version="1.0" encoding="UTF-8"?>
<!-- Generated by org.testng.reporters.JUnitXMLReporter -->
<testsuite hostname="DESKTOP-NM05SVP" ignored="0" name="Portfolio Test" tests="2" failures="1" timestamp="11 Apr 2018 10:58:25 GMT" time="258.953" errors="0">
  <testcase name="buyOrSellStockTest" time="134.263" classname="com.qtpselenium.rediff.hybrid.testcases.stocksuite.BuySellStockTest"/>
  <testcase name="checkTransactionHistoryTest" time="122.931" classname="com.qtpselenium.rediff.hybrid.testcases.stocksuite.BuySellStockTest">
    <failure type="java.lang.reflect.InvocationTargetException">
      <![CDATA[java.lang.reflect.InvocationTargetException
	at com.qtpselenium.rediff.hybrid.driver.DriverScript.executeKeywords(DriverScript.java:47)
	at com.qtpselenium.rediff.hybrid.testcases.stocksuite.BuySellStockTest.checkTransactionHistoryTest(BuySellStockTest.java:34)
	at java.util.concurrent.FutureTask.run(FutureTask.java:266)
	at java.util.concurrent.ThreadPoolExecutor.runWorker(ThreadPoolExecutor.java:1142)
	at java.util.concurrent.ThreadPoolExecutor$Worker.run(ThreadPoolExecutor.java:617)
	at java.lang.Thread.run(Thread.java:745)
Caused by: java.lang.AssertionError: The following asserts failed:
	Actual average is 0.00Expected was 66.10169491525424
	at com.qtpselenium.rediff.hybrid.keywords.GenericKeywords.reportFailure(GenericKeywords.java:348)
	at com.qtpselenium.rediff.hybrid.keywords.AppKeywords.checkHistory(AppKeywords.java:162)
	... 26 more
... Removed 21 stack frames]]>
    </failure>
  </testcase> <!-- checkTransactionHistoryTest -->
</testsuite> <!-- Portfolio Test -->
