<!DOCTYPE html PUBLIC "-//W3C//DTD XHTML 1.1//EN" "http://www.w3.org/TR/xhtml11/DTD/xhtml11.dtd">
<html xmlns="http://www.w3.org/1999/xhtml"><head><title>TestNG Report</title><style type="text/css">table {margin-bottom:10px;border-collapse:collapse;empty-cells:show}th,td {border:1px solid #009;padding:.25em .5em}th {vertical-align:bottom}td {vertical-align:top}table a {font-weight:bold}.stripe td {background-color: #E6EBF9}.num {text-align:right}.passedodd td {background-color: #3F3}.passedeven td {background-color: #0A0}.skippedodd td {background-color: #DDD}.skippedeven td {background-color: #CCC}.failedodd td,.attn {background-color: #F33}.failedeven td,.stripe .attn {background-color: #D00}.stacktrace {white-space:pre;font-family:monospace}.totop {font-size:85%;text-align:center;border-bottom:2px solid #000}</style></head><body><table><tr><th>Test</th><th># Passed</th><th># Skipped</th><th># Failed</th><th>Time (ms)</th><th>Included Groups</th><th>Excluded Groups</th></tr><tr><th colspan="7">Stock Suite</th></tr><tr><td><a href="#t0">Portfolio Test</a></td><td class="num">1</td><td class="num">0</td><td class="num attn">1</td><td class="num">227,455</td><td></td><td></td></tr><tr class="stripe"><td><a href="#t1">Add Delete Stock Test</a></td><td class="num">1</td><td class="num">0</td><td class="num attn">1</td><td class="num">266,596</td><td></td><td></td></tr><tr><th colspan="7">My suite</th></tr><tr><th colspan="7">Portfolio Suite</th></tr><tr><td><a href="#t2">Login Test</a></td><td class="num">1</td><td class="num">0</td><td class="num">0</td><td class="num">84,962</td><td></td><td></td></tr><tr class="stripe"><td><a href="#t3">Portfolio Test</a></td><td class="num">1</td><td class="num attn">1</td><td class="num attn">1</td><td class="num">210,337</td><td></td><td></td></tr><tr><th>Total</th><th class="num">4</th><th class="num attn">1</th><th class="num attn">3</th><th class="num">789,350</th><th colspan="2"></th></tr></table><table><thead><tr><th>Class</th><th>Method</th><th>Start</th><th>Time (ms)</th></tr></thead><tbody><tr><th colspan="4">Stock Suite</th></tr></tbody><tbody id="t0"><tr><th colspan="4">Portfolio Test &#8212; failed</th></tr><tr class="failedeven"><td rowspan="1">com.qtpselenium.rediff.hybrid.testcases.stocksuite.BuySellStockTest</td><td><a href="#m0">checkTransactionHistoryTest</a></td><td rowspan="1">1523442857402</td><td rowspan="1">80767</td></tr><tr><th colspan="4">Portfolio Test &#8212; passed</th></tr><tr class="passedeven"><td rowspan="1">com.qtpselenium.rediff.hybrid.testcases.stocksuite.BuySellStockTest</td><td><a href="#m1">buyOrSellStockTest</a></td><td rowspan="1">1523442712240</td><td rowspan="1">144757</td></tr></tbody><tbody id="t1"><tr><th colspan="4">Add Delete Stock Test &#8212; failed</th></tr><tr class="failedeven"><td rowspan="1">com.qtpselenium.rediff.hybrid.testcases.stocksuite.AddDelStockTest</td><td><a href="#m2">deleteStockTest</a></td><td rowspan="1">1523442864792</td><td rowspan="1">112545</td></tr><tr><th colspan="4">Add Delete Stock Test &#8212; passed</th></tr><tr class="passedeven"><td rowspan="1">com.qtpselenium.rediff.hybrid.testcases.stocksuite.AddDelStockTest</td><td><a href="#m3">addStockTest</a></td><td rowspan="1">1523442712240</td><td rowspan="1">152025</td></tr></tbody><tbody><tr><th colspan="4">My suite</th></tr></tbody><tbody><tr><th colspan="4">Portfolio Suite</th></tr></tbody><tbody id="t2"><tr><th colspan="4">Login Test &#8212; passed</th></tr><tr class="passedeven"><td rowspan="1">com.qtpselenium.rediff.hybrid.testcases.portfoliosuite.LoginTest</td><td><a href="#m4">loginTest</a></td><td rowspan="1">1523442712240</td><td rowspan="1">82938</td></tr></tbody><tbody id="t3"><tr><th colspan="4">Portfolio Test &#8212; failed</th></tr><tr class="failedeven"><td rowspan="1">com.qtpselenium.rediff.hybrid.testcases.portfoliosuite.PortFolioTest</td><td><a href="#m5">createPortFolioTest</a></td><td rowspan="1">1523442805781</td><td rowspan="1">115054</td></tr><tr><th colspan="4">Portfolio Test &#8212; skipped</th></tr><tr class="skippedeven"><td rowspan="1">com.qtpselenium.rediff.hybrid.testcases.portfoliosuite.PortFolioTest</td><td><a href="#m6">deletePortFolioTest</a></td><td rowspan="1">1523442921382</td><td rowspan="1">0</td></tr><tr><th colspan="4">Portfolio Test &#8212; passed</th></tr><tr class="passedeven"><td rowspan="1">com.qtpselenium.rediff.hybrid.testcases.portfoliosuite.PortFolioTest</td><td><a href="#m7">createPortFolioTest</a></td><td rowspan="1">1523442712240</td><td rowspan="1">93222</td></tr></tbody></table><h2>Portfolio Test</h2><h3 id="m0">com.qtpselenium.rediff.hybrid.testcases.stocksuite.BuySellStockTest#checkTransactionHistoryTest</h3><table class="result"><tr class="param"><th>Parameter #1</th></tr><tr class="param stripe"><td>{PortfolioName=ashish, Runmode=Y, Stock Name=Reliance Inds., Browser=Chrome}</td></tr><tr><th>Exception</th></tr><tr><td><div class="stacktrace">java.lang.reflect.InvocationTargetException
	at com.qtpselenium.rediff.hybrid.driver.DriverScript.executeKeywords(DriverScript.java:47)
	at com.qtpselenium.rediff.hybrid.testcases.stocksuite.BuySellStockTest.checkTransactionHistoryTest(BuySellStockTest.java:34)
	at java.util.concurrent.FutureTask.run(Unknown Source)
	at java.util.concurrent.ThreadPoolExecutor.runWorker(Unknown Source)
	at java.util.concurrent.ThreadPoolExecutor$Worker.run(Unknown Source)
	at java.lang.Thread.run(Unknown Source)
Caused by: java.lang.AssertionError: The following asserts failed:
	Actual average is 0.00Expected was 38.775510204081634
	at com.qtpselenium.rediff.hybrid.keywords.GenericKeywords.reportFailure(GenericKeywords.java:348)
	at com.qtpselenium.rediff.hybrid.keywords.AppKeywords.checkHistory(AppKeywords.java:162)
	... 26 more
... Removed 21 stack frames</div></td></tr></table><p class="totop"><a href="#summary">back to summary</a></p><h3 id="m1">com.qtpselenium.rediff.hybrid.testcases.stocksuite.BuySellStockTest#buyOrSellStockTest</h3><table class="result"><tr class="param"><th>Parameter #1</th></tr><tr class="param stripe"><td>{Date=5/03/2018, Action=Sell, PurchasePrice=200, PortfolioName=ashish, Runmode=Y, Stock Name=Reliance Inds., Quantity=100, Browser=Chrome}</td></tr></table><p class="totop"><a href="#summary">back to summary</a></p><h2>Add Delete Stock Test</h2><h3 id="m2">com.qtpselenium.rediff.hybrid.testcases.stocksuite.AddDelStockTest#deleteStockTest</h3><table class="result"><tr class="param"><th>Parameter #1</th></tr><tr class="param stripe"><td>{PortfolioName=ashish, Runmode=Y, Stock Name=Tata Steel Ltd., Browser=Chrome}</td></tr><tr><th>Exception</th></tr><tr><td><div class="stacktrace">java.lang.reflect.InvocationTargetException
	at com.qtpselenium.rediff.hybrid.driver.DriverScript.executeKeywords(DriverScript.java:47)
	at com.qtpselenium.rediff.hybrid.testcases.stocksuite.AddDelStockTest.deleteStockTest(AddDelStockTest.java:37)
	at java.util.concurrent.FutureTask.run(Unknown Source)
	at java.util.concurrent.ThreadPoolExecutor.runWorker(Unknown Source)
	at java.util.concurrent.ThreadPoolExecutor$Worker.run(Unknown Source)
	at java.lang.Thread.run(Unknown Source)
Caused by: java.lang.AssertionError: The following asserts failed:
	Stock found after deletion Tata Steel Ltd.
	at com.qtpselenium.rediff.hybrid.keywords.GenericKeywords.reportFailure(GenericKeywords.java:348)
	at com.qtpselenium.rediff.hybrid.keywords.AppKeywords.deleteStock(AppKeywords.java:111)
	... 26 more
... Removed 21 stack frames</div></td></tr></table><p class="totop"><a href="#summary">back to summary</a></p><h3 id="m3">com.qtpselenium.rediff.hybrid.testcases.stocksuite.AddDelStockTest#addStockTest</h3><table class="result"><tr class="param"><th>Parameter #1</th></tr><tr class="param stripe"><td>{Date=5/03/2018, PurchasePrice=200, PortfolioName=ashish, Runmode=Y, Stock Name=Tata Steel Ltd, Quantity=100, Browser=Chrome}</td></tr></table><p class="totop"><a href="#summary">back to summary</a></p><h2>Login Test</h2><h3 id="m4">com.qtpselenium.rediff.hybrid.testcases.portfoliosuite.LoginTest#loginTest</h3><table class="result"><tr class="param"><th>Parameter #1</th></tr><tr class="param stripe"><td>{Username=ashishthakur1983, ExpectedResult=Loginsuccess, Password=pass@1234, Runmode=Y, Browser=Chrome}</td></tr></table><p class="totop"><a href="#summary">back to summary</a></p><h2>Portfolio Test</h2><h3 id="m5">com.qtpselenium.rediff.hybrid.testcases.portfoliosuite.PortFolioTest#createPortFolioTest</h3><table class="result"><tr class="param"><th>Parameter #1</th></tr><tr class="param stripe"><td>{PortfolioName=SamplePort1411, Runmode=Y, Browser=Mozilla}</td></tr><tr><th>Exception</th></tr><tr><td><div class="stacktrace">java.lang.reflect.InvocationTargetException
	at com.qtpselenium.rediff.hybrid.driver.DriverScript.executeKeywords(DriverScript.java:47)
	at com.qtpselenium.rediff.hybrid.testcases.portfoliosuite.PortFolioTest.createPortFolioTest(PortFolioTest.java:25)
	at java.util.concurrent.FutureTask.run(Unknown Source)
	at java.util.concurrent.ThreadPoolExecutor.runWorker(Unknown Source)
	at java.util.concurrent.ThreadPoolExecutor$Worker.run(Unknown Source)
	at java.lang.Thread.run(Unknown Source)
Caused by: org.openqa.selenium.StaleElementReferenceException: The element reference of &lt;option&gt; is stale; either the element is no longer attached to the DOM, it is not in the current frame context, or the document has been refreshed
For documentation on this error, please visit: http://seleniumhq.org/exceptions/stale_element_reference.html
Build info: version: &apos;3.11.0&apos;, revision: &apos;e59cfb3&apos;, time: &apos;2018-03-11T20:26:55.152Z&apos;
System info: host: &apos;DESKTOP-NM05SVP&apos;, ip: &apos;192.168.1.12&apos;, os.name: &apos;Windows 8.1&apos;, os.arch: &apos;amd64&apos;, os.version: &apos;6.3&apos;, java.version: &apos;1.8.0_05&apos;
Driver info: org.openqa.selenium.remote.RemoteWebDriver
Capabilities {acceptInsecureCerts: true, browserName: firefox, browserVersion: 58.0.2, javascriptEnabled: true, moz:accessibilityChecks: false, moz:headless: false, moz:processID: 4000, moz:profile: C:\Users\lenovo\AppData\Loc..., moz:webdriverClick: true, pageLoadStrategy: normal, platform: XP, platformName: XP, platformVersion: 10.0, rotatable: false, timeouts: {implicit: 0, pageLoad: 300000, script: 30000}, webdriver.remote.sessionid: 11030b7b-a617-45dc-bd3f-29b...}
Session ID: 11030b7b-a617-45dc-bd3f-29b425f52945
	at org.openqa.selenium.remote.http.W3CHttpResponseCodec.createException(W3CHttpResponseCodec.java:187)
	at org.openqa.selenium.remote.http.W3CHttpResponseCodec.decode(W3CHttpResponseCodec.java:122)
	at org.openqa.selenium.remote.http.W3CHttpResponseCodec.decode(W3CHttpResponseCodec.java:49)
	at org.openqa.selenium.remote.HttpCommandExecutor.execute(HttpCommandExecutor.java:158)
	at org.openqa.selenium.remote.RemoteWebDriver.execute(RemoteWebDriver.java:545)
	at org.openqa.selenium.remote.RemoteWebElement.execute(RemoteWebElement.java:279)
	at org.openqa.selenium.remote.RemoteWebElement.isSelected(RemoteWebElement.java:140)
	at org.openqa.selenium.support.ui.Select.getFirstSelectedOption(Select.java:95)
	at com.qtpselenium.rediff.hybrid.keywords.GenericKeywords.waitTillSelectionToBe(GenericKeywords.java:261)
	at com.qtpselenium.rediff.hybrid.keywords.AppKeywords.verifyPortFolio(AppKeywords.java:75)
	... 26 more
... Removed 24 stack frames</div></td></tr></table><p class="totop"><a href="#summary">back to summary</a></p><h3 id="m6">com.qtpselenium.rediff.hybrid.testcases.portfoliosuite.PortFolioTest#deletePortFolioTest</h3><table class="result"><tr><th>Exception</th></tr><tr><td><div class="stacktrace">java.lang.Throwable: Method PortFolioTest.deletePortFolioTest(java.util.Hashtable)[pri:2, instance:com.qtpselenium.rediff.hybrid.testcases.portfoliosuite.PortFolioTest@d70c109] depends on not successfully finished methods
	at java.util.concurrent.FutureTask.run(Unknown Source)
	at java.util.concurrent.ThreadPoolExecutor.runWorker(Unknown Source)
	at java.util.concurrent.ThreadPoolExecutor$Worker.run(Unknown Source)
	at java.lang.Thread.run(Unknown Source)
... Removed 9 stack frames</div></td></tr></table><p class="totop"><a href="#summary">back to summary</a></p><h3 id="m7">com.qtpselenium.rediff.hybrid.testcases.portfoliosuite.PortFolioTest#createPortFolioTest</h3><table class="result"><tr class="param"><th>Parameter #1</th></tr><tr class="param stripe"><td>{PortfolioName=SamplePort1311, Runmode=Y, Browser=Chrome}</td></tr></table><p class="totop"><a href="#summary">back to summary</a></p></body></html>