<?xml version="1.0" encoding="UTF-8"?>
<testng-results skipped="1" failed="3" ignored="0" total="8" passed="4">
  <reporter-output>
  </reporter-output>
  <suite name="Stock Suite" duration-ms="266596" started-at="2018-04-11T10:31:51Z" finished-at="2018-04-11T10:36:17Z">
    <groups>
    </groups>
    <test name="Portfolio Test" duration-ms="227455" started-at="2018-04-11T10:31:51Z" finished-at="2018-04-11T10:35:38Z">
      <class name="com.qtpselenium.rediff.hybrid.testcases.stocksuite.BuySellStockTest">
        <test-method status="PASS" signature="init()[pri:0, instance:com.qtpselenium.rediff.hybrid.testcases.stocksuite.BuySellStockTest@2ac1fdc4]" name="init" is-config="true" duration-ms="896" started-at="2018-04-11T16:01:51Z" finished-at="2018-04-11T16:01:51Z">
          <reporter-output>
          </reporter-output>
        </test-method> <!-- init -->
        <test-method status="PASS" signature="initTest()[pri:0, instance:com.qtpselenium.rediff.hybrid.testcases.stocksuite.BuySellStockTest@2ac1fdc4]" name="initTest" is-config="true" duration-ms="267" started-at="2018-04-11T16:01:51Z" finished-at="2018-04-11T16:01:52Z">
          <reporter-output>
          </reporter-output>
        </test-method> <!-- initTest -->
        <test-method status="PASS" signature="buyOrSellStockTest(java.util.Hashtable)[pri:1, instance:com.qtpselenium.rediff.hybrid.testcases.stocksuite.BuySellStockTest@2ac1fdc4]" name="buyOrSellStockTest" duration-ms="144757" started-at="2018-04-11T16:01:52Z" data-provider="getData" finished-at="2018-04-11T16:04:16Z">
          <params>
            <param index="0">
              <value>
                <![CDATA[{Date=5/03/2018, Action=Sell, PurchasePrice=200, PortfolioName=ashish, Runmode=Y, Stock Name=Reliance Inds., Quantity=100, Browser=Chrome}]]>
              </value>
            </param>
          </params>
          <reporter-output>
          </reporter-output>
        </test-method> <!-- buyOrSellStockTest -->
        <test-method status="PASS" signature="quit()[pri:0, instance:com.qtpselenium.rediff.hybrid.testcases.stocksuite.BuySellStockTest@2ac1fdc4]" name="quit" is-config="true" duration-ms="399" started-at="2018-04-11T16:04:16Z" finished-at="2018-04-11T16:04:17Z">
          <reporter-output>
          </reporter-output>
        </test-method> <!-- quit -->
        <test-method status="PASS" signature="initTest()[pri:0, instance:com.qtpselenium.rediff.hybrid.testcases.stocksuite.BuySellStockTest@2ac1fdc4]" name="initTest" is-config="true" duration-ms="1" started-at="2018-04-11T16:04:17Z" finished-at="2018-04-11T16:04:17Z">
          <reporter-output>
          </reporter-output>
        </test-method> <!-- initTest -->
        <test-method status="FAIL" signature="checkTransactionHistoryTest(java.util.Hashtable)[pri:2, instance:com.qtpselenium.rediff.hybrid.testcases.stocksuite.BuySellStockTest@2ac1fdc4]" name="checkTransactionHistoryTest" duration-ms="80767" started-at="2018-04-11T16:04:17Z" data-provider="getData" depends-on-methods="com.qtpselenium.rediff.hybrid.testcases.stocksuite.BuySellStockTest.buyOrSellStockTest" finished-at="2018-04-11T16:05:38Z">
          <params>
            <param index="0">
              <value>
                <![CDATA[{PortfolioName=ashish, Runmode=Y, Stock Name=Reliance Inds., Browser=Chrome}]]>
              </value>
            </param>
          </params>
          <exception class="java.lang.reflect.InvocationTargetException">
            <full-stacktrace>
              <![CDATA[java.lang.reflect.InvocationTargetException
	at sun.reflect.NativeMethodAccessorImpl.invoke0(Native Method)
	at sun.reflect.NativeMethodAccessorImpl.invoke(Unknown Source)
	at sun.reflect.DelegatingMethodAccessorImpl.invoke(Unknown Source)
	at java.lang.reflect.Method.invoke(Unknown Source)
	at com.qtpselenium.rediff.hybrid.driver.DriverScript.executeKeywords(DriverScript.java:47)
	at com.qtpselenium.rediff.hybrid.testcases.stocksuite.BuySellStockTest.checkTransactionHistoryTest(BuySellStockTest.java:34)
	at sun.reflect.NativeMethodAccessorImpl.invoke0(Native Method)
	at sun.reflect.NativeMethodAccessorImpl.invoke(Unknown Source)
	at sun.reflect.DelegatingMethodAccessorImpl.invoke(Unknown Source)
	at java.lang.reflect.Method.invoke(Unknown Source)
	at org.testng.internal.MethodInvocationHelper.invokeMethod(MethodInvocationHelper.java:104)
	at org.testng.internal.Invoker.invokeMethod(Invoker.java:645)
	at org.testng.internal.Invoker.invokeTestMethod(Invoker.java:851)
	at org.testng.internal.Invoker.invokeTestMethods(Invoker.java:1177)
	at org.testng.internal.TestMethodWorker.invokeTestMethods(TestMethodWorker.java:129)
	at org.testng.internal.TestMethodWorker.run(TestMethodWorker.java:112)
	at org.testng.TestRunner.privateRun(TestRunner.java:756)
	at org.testng.TestRunner.run(TestRunner.java:610)
	at org.testng.SuiteRunner.runTest(SuiteRunner.java:387)
	at org.testng.SuiteRunner.access$000(SuiteRunner.java:39)
	at org.testng.SuiteRunner$SuiteWorker.run(SuiteRunner.java:421)
	at org.testng.internal.thread.ThreadUtil$2.call(ThreadUtil.java:64)
	at java.util.concurrent.FutureTask.run(Unknown Source)
	at java.util.concurrent.ThreadPoolExecutor.runWorker(Unknown Source)
	at java.util.concurrent.ThreadPoolExecutor$Worker.run(Unknown Source)
	at java.lang.Thread.run(Unknown Source)
Caused by: java.lang.AssertionError: The following asserts failed:
	Actual average is 0.00Expected was 38.775510204081634
	at org.testng.asserts.SoftAssert.assertAll(SoftAssert.java:43)
	at com.qtpselenium.rediff.hybrid.keywords.GenericKeywords.reportFailure(GenericKeywords.java:348)
	at com.qtpselenium.rediff.hybrid.keywords.AppKeywords.checkHistory(AppKeywords.java:162)
	... 26 more
]]>
            </full-stacktrace>
          </exception> <!-- java.lang.reflect.InvocationTargetException -->
          <reporter-output>
          </reporter-output>
        </test-method> <!-- checkTransactionHistoryTest -->
        <test-method status="PASS" signature="quit()[pri:0, instance:com.qtpselenium.rediff.hybrid.testcases.stocksuite.BuySellStockTest@2ac1fdc4]" name="quit" is-config="true" duration-ms="331" started-at="2018-04-11T16:05:38Z" finished-at="2018-04-11T16:05:38Z">
          <reporter-output>
          </reporter-output>
        </test-method> <!-- quit -->
      </class> <!-- com.qtpselenium.rediff.hybrid.testcases.stocksuite.BuySellStockTest -->
    </test> <!-- Portfolio Test -->
    <test name="Add Delete Stock Test" duration-ms="266596" started-at="2018-04-11T10:31:51Z" finished-at="2018-04-11T10:36:17Z">
      <class name="com.qtpselenium.rediff.hybrid.testcases.stocksuite.AddDelStockTest">
        <test-method status="PASS" signature="init()[pri:0, instance:com.qtpselenium.rediff.hybrid.testcases.stocksuite.AddDelStockTest@3930015a]" name="init" is-config="true" duration-ms="897" started-at="2018-04-11T16:01:51Z" finished-at="2018-04-11T16:01:51Z">
          <reporter-output>
          </reporter-output>
        </test-method> <!-- init -->
        <test-method status="PASS" signature="initTest()[pri:0, instance:com.qtpselenium.rediff.hybrid.testcases.stocksuite.AddDelStockTest@3930015a]" name="initTest" is-config="true" duration-ms="268" started-at="2018-04-11T16:01:51Z" finished-at="2018-04-11T16:01:52Z">
          <reporter-output>
          </reporter-output>
        </test-method> <!-- initTest -->
        <test-method status="PASS" signature="addStockTest(java.util.Hashtable)[pri:1, instance:com.qtpselenium.rediff.hybrid.testcases.stocksuite.AddDelStockTest@3930015a]" name="addStockTest" duration-ms="152025" started-at="2018-04-11T16:01:52Z" data-provider="getData" finished-at="2018-04-11T16:04:24Z">
          <params>
            <param index="0">
              <value>
                <![CDATA[{Date=5/03/2018, PurchasePrice=200, PortfolioName=ashish, Runmode=Y, Stock Name=Tata Steel Ltd, Quantity=100, Browser=Chrome}]]>
              </value>
            </param>
          </params>
          <reporter-output>
          </reporter-output>
        </test-method> <!-- addStockTest -->
        <test-method status="PASS" signature="quit()[pri:0, instance:com.qtpselenium.rediff.hybrid.testcases.stocksuite.AddDelStockTest@3930015a]" name="quit" is-config="true" duration-ms="524" started-at="2018-04-11T16:04:24Z" finished-at="2018-04-11T16:04:24Z">
          <reporter-output>
          </reporter-output>
        </test-method> <!-- quit -->
        <test-method status="PASS" signature="initTest()[pri:0, instance:com.qtpselenium.rediff.hybrid.testcases.stocksuite.AddDelStockTest@3930015a]" name="initTest" is-config="true" duration-ms="0" started-at="2018-04-11T16:04:24Z" finished-at="2018-04-11T16:04:24Z">
          <reporter-output>
          </reporter-output>
        </test-method> <!-- initTest -->
        <test-method status="FAIL" signature="deleteStockTest(java.util.Hashtable)[pri:2, instance:com.qtpselenium.rediff.hybrid.testcases.stocksuite.AddDelStockTest@3930015a]" name="deleteStockTest" duration-ms="112545" started-at="2018-04-11T16:04:24Z" data-provider="getData" finished-at="2018-04-11T16:06:17Z">
          <params>
            <param index="0">
              <value>
                <![CDATA[{PortfolioName=ashish, Runmode=Y, Stock Name=Tata Steel Ltd., Browser=Chrome}]]>
              </value>
            </param>
          </params>
          <exception class="java.lang.reflect.InvocationTargetException">
            <full-stacktrace>
              <![CDATA[java.lang.reflect.InvocationTargetException
	at sun.reflect.NativeMethodAccessorImpl.invoke0(Native Method)
	at sun.reflect.NativeMethodAccessorImpl.invoke(Unknown Source)
	at sun.reflect.DelegatingMethodAccessorImpl.invoke(Unknown Source)
	at java.lang.reflect.Method.invoke(Unknown Source)
	at com.qtpselenium.rediff.hybrid.driver.DriverScript.executeKeywords(DriverScript.java:47)
	at com.qtpselenium.rediff.hybrid.testcases.stocksuite.AddDelStockTest.deleteStockTest(AddDelStockTest.java:37)
	at sun.reflect.NativeMethodAccessorImpl.invoke0(Native Method)
	at sun.reflect.NativeMethodAccessorImpl.invoke(Unknown Source)
	at sun.reflect.DelegatingMethodAccessorImpl.invoke(Unknown Source)
	at java.lang.reflect.Method.invoke(Unknown Source)
	at org.testng.internal.MethodInvocationHelper.invokeMethod(MethodInvocationHelper.java:104)
	at org.testng.internal.Invoker.invokeMethod(Invoker.java:645)
	at org.testng.internal.Invoker.invokeTestMethod(Invoker.java:851)
	at org.testng.internal.Invoker.invokeTestMethods(Invoker.java:1177)
	at org.testng.internal.TestMethodWorker.invokeTestMethods(TestMethodWorker.java:129)
	at org.testng.internal.TestMethodWorker.run(TestMethodWorker.java:112)
	at org.testng.TestRunner.privateRun(TestRunner.java:756)
	at org.testng.TestRunner.run(TestRunner.java:610)
	at org.testng.SuiteRunner.runTest(SuiteRunner.java:387)
	at org.testng.SuiteRunner.access$000(SuiteRunner.java:39)
	at org.testng.SuiteRunner$SuiteWorker.run(SuiteRunner.java:421)
	at org.testng.internal.thread.ThreadUtil$2.call(ThreadUtil.java:64)
	at java.util.concurrent.FutureTask.run(Unknown Source)
	at java.util.concurrent.ThreadPoolExecutor.runWorker(Unknown Source)
	at java.util.concurrent.ThreadPoolExecutor$Worker.run(Unknown Source)
	at java.lang.Thread.run(Unknown Source)
Caused by: java.lang.AssertionError: The following asserts failed:
	Stock found after deletion Tata Steel Ltd.
	at org.testng.asserts.SoftAssert.assertAll(SoftAssert.java:43)
	at com.qtpselenium.rediff.hybrid.keywords.GenericKeywords.reportFailure(GenericKeywords.java:348)
	at com.qtpselenium.rediff.hybrid.keywords.AppKeywords.deleteStock(AppKeywords.java:111)
	... 26 more
]]>
            </full-stacktrace>
          </exception> <!-- java.lang.reflect.InvocationTargetException -->
          <reporter-output>
          </reporter-output>
        </test-method> <!-- deleteStockTest -->
        <test-method status="PASS" signature="quit()[pri:0, instance:com.qtpselenium.rediff.hybrid.testcases.stocksuite.AddDelStockTest@3930015a]" name="quit" is-config="true" duration-ms="304" started-at="2018-04-11T16:06:17Z" finished-at="2018-04-11T16:06:17Z">
          <reporter-output>
          </reporter-output>
        </test-method> <!-- quit -->
      </class> <!-- com.qtpselenium.rediff.hybrid.testcases.stocksuite.AddDelStockTest -->
    </test> <!-- Add Delete Stock Test -->
  </suite> <!-- Stock Suite -->
  <suite name="My suite" duration-ms="0" started-at="2018-04-11T10:36:17Z" finished-at="2018-04-11T10:36:17Z">
    <groups>
    </groups>
  </suite> <!-- My suite -->
  <suite name="Portfolio Suite" duration-ms="210337" started-at="2018-04-11T10:31:51Z" finished-at="2018-04-11T10:35:21Z">
    <groups>
    </groups>
    <test name="Login Test" duration-ms="84962" started-at="2018-04-11T10:31:51Z" finished-at="2018-04-11T10:33:16Z">
      <class name="com.qtpselenium.rediff.hybrid.testcases.portfoliosuite.LoginTest">
        <test-method status="PASS" signature="init()[pri:0, instance:com.qtpselenium.rediff.hybrid.testcases.portfoliosuite.LoginTest@61baa894]" name="init" is-config="true" duration-ms="897" started-at="2018-04-11T16:01:51Z" finished-at="2018-04-11T16:01:51Z">
          <reporter-output>
          </reporter-output>
        </test-method> <!-- init -->
        <test-method status="PASS" signature="initTest()[pri:0, instance:com.qtpselenium.rediff.hybrid.testcases.portfoliosuite.LoginTest@61baa894]" name="initTest" is-config="true" duration-ms="268" started-at="2018-04-11T16:01:51Z" finished-at="2018-04-11T16:01:52Z">
          <reporter-output>
          </reporter-output>
        </test-method> <!-- initTest -->
        <test-method status="PASS" signature="loginTest(java.util.Hashtable)[pri:0, instance:com.qtpselenium.rediff.hybrid.testcases.portfoliosuite.LoginTest@61baa894]" name="loginTest" duration-ms="82938" started-at="2018-04-11T16:01:52Z" data-provider="getData" finished-at="2018-04-11T16:03:15Z">
          <params>
            <param index="0">
              <value>
                <![CDATA[{Username=ashishthakur1983, ExpectedResult=Loginsuccess, Password=pass@1234, Runmode=Y, Browser=Chrome}]]>
              </value>
            </param>
          </params>
          <reporter-output>
          </reporter-output>
        </test-method> <!-- loginTest -->
        <test-method status="PASS" signature="quit()[pri:0, instance:com.qtpselenium.rediff.hybrid.testcases.portfoliosuite.LoginTest@61baa894]" name="quit" is-config="true" duration-ms="829" started-at="2018-04-11T16:03:15Z" finished-at="2018-04-11T16:03:16Z">
          <reporter-output>
          </reporter-output>
        </test-method> <!-- quit -->
      </class> <!-- com.qtpselenium.rediff.hybrid.testcases.portfoliosuite.LoginTest -->
    </test> <!-- Login Test -->
    <test name="Portfolio Test" duration-ms="210337" started-at="2018-04-11T10:31:51Z" finished-at="2018-04-11T10:35:21Z">
      <class name="com.qtpselenium.rediff.hybrid.testcases.portfoliosuite.PortFolioTest">
        <test-method status="PASS" signature="init()[pri:0, instance:com.qtpselenium.rediff.hybrid.testcases.portfoliosuite.PortFolioTest@d70c109]" name="init" is-config="true" duration-ms="842" started-at="2018-04-11T16:01:51Z" finished-at="2018-04-11T16:01:51Z">
          <reporter-output>
          </reporter-output>
        </test-method> <!-- init -->
        <test-method status="PASS" signature="initTest()[pri:0, instance:com.qtpselenium.rediff.hybrid.testcases.portfoliosuite.PortFolioTest@d70c109]" name="initTest" is-config="true" duration-ms="268" started-at="2018-04-11T16:01:51Z" finished-at="2018-04-11T16:01:52Z">
          <reporter-output>
          </reporter-output>
        </test-method> <!-- initTest -->
        <test-method status="PASS" signature="createPortFolioTest(java.util.Hashtable)[pri:1, instance:com.qtpselenium.rediff.hybrid.testcases.portfoliosuite.PortFolioTest@d70c109]" name="createPortFolioTest" duration-ms="93222" started-at="2018-04-11T16:01:52Z" data-provider="getData" finished-at="2018-04-11T16:03:25Z">
          <params>
            <param index="0">
              <value>
                <![CDATA[{PortfolioName=SamplePort1311, Runmode=Y, Browser=Chrome}]]>
              </value>
            </param>
          </params>
          <reporter-output>
          </reporter-output>
        </test-method> <!-- createPortFolioTest -->
        <test-method status="PASS" signature="quit()[pri:0, instance:com.qtpselenium.rediff.hybrid.testcases.portfoliosuite.PortFolioTest@d70c109]" name="quit" is-config="true" duration-ms="317" started-at="2018-04-11T16:03:25Z" finished-at="2018-04-11T16:03:25Z">
          <reporter-output>
          </reporter-output>
        </test-method> <!-- quit -->
        <test-method status="PASS" signature="initTest()[pri:0, instance:com.qtpselenium.rediff.hybrid.testcases.portfoliosuite.PortFolioTest@d70c109]" name="initTest" is-config="true" duration-ms="0" started-at="2018-04-11T16:03:25Z" finished-at="2018-04-11T16:03:25Z">
          <reporter-output>
          </reporter-output>
        </test-method> <!-- initTest -->
        <test-method status="FAIL" signature="createPortFolioTest(java.util.Hashtable)[pri:1, instance:com.qtpselenium.rediff.hybrid.testcases.portfoliosuite.PortFolioTest@d70c109]" name="createPortFolioTest" duration-ms="115054" started-at="2018-04-11T16:03:25Z" data-provider="getData" finished-at="2018-04-11T16:05:20Z">
          <params>
            <param index="0">
              <value>
                <![CDATA[{PortfolioName=SamplePort1411, Runmode=Y, Browser=Mozilla}]]>
              </value>
            </param>
          </params>
          <exception class="java.lang.reflect.InvocationTargetException">
            <full-stacktrace>
              <![CDATA[java.lang.reflect.InvocationTargetException
	at sun.reflect.NativeMethodAccessorImpl.invoke0(Native Method)
	at sun.reflect.NativeMethodAccessorImpl.invoke(Unknown Source)
	at sun.reflect.DelegatingMethodAccessorImpl.invoke(Unknown Source)
	at java.lang.reflect.Method.invoke(Unknown Source)
	at com.qtpselenium.rediff.hybrid.driver.DriverScript.executeKeywords(DriverScript.java:47)
	at com.qtpselenium.rediff.hybrid.testcases.portfoliosuite.PortFolioTest.createPortFolioTest(PortFolioTest.java:25)
	at sun.reflect.NativeMethodAccessorImpl.invoke0(Native Method)
	at sun.reflect.NativeMethodAccessorImpl.invoke(Unknown Source)
	at sun.reflect.DelegatingMethodAccessorImpl.invoke(Unknown Source)
	at java.lang.reflect.Method.invoke(Unknown Source)
	at org.testng.internal.MethodInvocationHelper.invokeMethod(MethodInvocationHelper.java:104)
	at org.testng.internal.Invoker.invokeMethod(Invoker.java:645)
	at org.testng.internal.Invoker.invokeTestMethod(Invoker.java:851)
	at org.testng.internal.Invoker.invokeTestMethods(Invoker.java:1177)
	at org.testng.internal.TestMethodWorker.invokeTestMethods(TestMethodWorker.java:129)
	at org.testng.internal.TestMethodWorker.run(TestMethodWorker.java:112)
	at org.testng.TestRunner.privateRun(TestRunner.java:756)
	at org.testng.TestRunner.run(TestRunner.java:610)
	at org.testng.SuiteRunner.runTest(SuiteRunner.java:387)
	at org.testng.SuiteRunner.access$000(SuiteRunner.java:39)
	at org.testng.SuiteRunner$SuiteWorker.run(SuiteRunner.java:421)
	at org.testng.internal.thread.ThreadUtil$2.call(ThreadUtil.java:64)
	at java.util.concurrent.FutureTask.run(Unknown Source)
	at java.util.concurrent.ThreadPoolExecutor.runWorker(Unknown Source)
	at java.util.concurrent.ThreadPoolExecutor$Worker.run(Unknown Source)
	at java.lang.Thread.run(Unknown Source)
Caused by: org.openqa.selenium.StaleElementReferenceException: The element reference of <option> is stale; either the element is no longer attached to the DOM, it is not in the current frame context, or the document has been refreshed
For documentation on this error, please visit: http://seleniumhq.org/exceptions/stale_element_reference.html
Build info: version: '3.11.0', revision: 'e59cfb3', time: '2018-03-11T20:26:55.152Z'
System info: host: 'DESKTOP-NM05SVP', ip: '192.168.1.12', os.name: 'Windows 8.1', os.arch: 'amd64', os.version: '6.3', java.version: '1.8.0_05'
Driver info: org.openqa.selenium.remote.RemoteWebDriver
Capabilities {acceptInsecureCerts: true, browserName: firefox, browserVersion: 58.0.2, javascriptEnabled: true, moz:accessibilityChecks: false, moz:headless: false, moz:processID: 4000, moz:profile: C:\Users\lenovo\AppData\Loc..., moz:webdriverClick: true, pageLoadStrategy: normal, platform: XP, platformName: XP, platformVersion: 10.0, rotatable: false, timeouts: {implicit: 0, pageLoad: 300000, script: 30000}, webdriver.remote.sessionid: 11030b7b-a617-45dc-bd3f-29b...}
Session ID: 11030b7b-a617-45dc-bd3f-29b425f52945
	at sun.reflect.NativeConstructorAccessorImpl.newInstance0(Native Method)
	at sun.reflect.NativeConstructorAccessorImpl.newInstance(Unknown Source)
	at sun.reflect.DelegatingConstructorAccessorImpl.newInstance(Unknown Source)
	at java.lang.reflect.Constructor.newInstance(Unknown Source)
	at org.openqa.selenium.remote.http.W3CHttpResponseCodec.createException(W3CHttpResponseCodec.java:187)
	at org.openqa.selenium.remote.http.W3CHttpResponseCodec.decode(W3CHttpResponseCodec.java:122)
	at org.openqa.selenium.remote.http.W3CHttpResponseCodec.decode(W3CHttpResponseCodec.java:49)
	at org.openqa.selenium.remote.HttpCommandExecutor.execute(HttpCommandExecutor.java:158)
	at org.openqa.selenium.remote.RemoteWebDriver.execute(RemoteWebDriver.java:545)
	at org.openqa.selenium.remote.RemoteWebElement.execute(RemoteWebElement.java:279)
	at org.openqa.selenium.remote.RemoteWebElement.isSelected(RemoteWebElement.java:140)
	at org.openqa.selenium.support.ui.Select.getFirstSelectedOption(Select.java:95)
	at com.qtpselenium.rediff.hybrid.keywords.GenericKeywords.waitTillSelectionToBe(GenericKeywords.java:261)
	at com.qtpselenium.rediff.hybrid.keywords.AppKeywords.verifyPortFolio(AppKeywords.java:75)
	... 26 more
]]>
            </full-stacktrace>
          </exception> <!-- java.lang.reflect.InvocationTargetException -->
          <reporter-output>
          </reporter-output>
        </test-method> <!-- createPortFolioTest -->
        <test-method status="PASS" signature="quit()[pri:0, instance:com.qtpselenium.rediff.hybrid.testcases.portfoliosuite.PortFolioTest@d70c109]" name="quit" is-config="true" duration-ms="546" started-at="2018-04-11T16:05:20Z" finished-at="2018-04-11T16:05:21Z">
          <reporter-output>
          </reporter-output>
        </test-method> <!-- quit -->
        <test-method status="SKIP" signature="deletePortFolioTest(java.util.Hashtable)[pri:2, instance:com.qtpselenium.rediff.hybrid.testcases.portfoliosuite.PortFolioTest@d70c109]" name="deletePortFolioTest" duration-ms="0" started-at="2018-04-11T16:05:21Z" data-provider="getData" depends-on-methods="com.qtpselenium.rediff.hybrid.testcases.portfoliosuite.PortFolioTest.createPortFolioTest" finished-at="2018-04-11T16:05:21Z">
          <exception class="java.lang.Throwable">
            <message>
              <![CDATA[Method PortFolioTest.deletePortFolioTest(java.util.Hashtable)[pri:2, instance:com.qtpselenium.rediff.hybrid.testcases.portfoliosuite.PortFolioTest@d70c109] depends on not successfully finished methods]]>
            </message>
            <full-stacktrace>
              <![CDATA[java.lang.Throwable: Method PortFolioTest.deletePortFolioTest(java.util.Hashtable)[pri:2, instance:com.qtpselenium.rediff.hybrid.testcases.portfoliosuite.PortFolioTest@d70c109] depends on not successfully finished methods
	at org.testng.internal.Invoker.invokeTestMethods(Invoker.java:1068)
	at org.testng.internal.TestMethodWorker.invokeTestMethods(TestMethodWorker.java:129)
	at org.testng.internal.TestMethodWorker.run(TestMethodWorker.java:112)
	at org.testng.TestRunner.privateRun(TestRunner.java:756)
	at org.testng.TestRunner.run(TestRunner.java:610)
	at org.testng.SuiteRunner.runTest(SuiteRunner.java:387)
	at org.testng.SuiteRunner.access$000(SuiteRunner.java:39)
	at org.testng.SuiteRunner$SuiteWorker.run(SuiteRunner.java:421)
	at org.testng.internal.thread.ThreadUtil$2.call(ThreadUtil.java:64)
	at java.util.concurrent.FutureTask.run(Unknown Source)
	at java.util.concurrent.ThreadPoolExecutor.runWorker(Unknown Source)
	at java.util.concurrent.ThreadPoolExecutor$Worker.run(Unknown Source)
	at java.lang.Thread.run(Unknown Source)
]]>
            </full-stacktrace>
          </exception> <!-- java.lang.Throwable -->
          <reporter-output>
          </reporter-output>
        </test-method> <!-- deletePortFolioTest -->
      </class> <!-- com.qtpselenium.rediff.hybrid.testcases.portfoliosuite.PortFolioTest -->
    </test> <!-- Portfolio Test -->
  </suite> <!-- Portfolio Suite -->
</testng-results>
